
                  X              XYData-u2    

                0.                13.9428E-36 
                1.51928          995.065E-06  
                3.08745            1.77417E-03
                4.70557            2.61548E-03
                6.37542            3.44375E-03
                8.09848            4.3486E-03 
                9.87656            5.29116E-03
               11.7113             6.3216E-03 
               13.6046             7.41647E-03
               15.5583             8.60772E-03
               17.5743             9.88104E-03
               19.6546            11.2586E-03 
               21.8012            12.7325E-03 
               24.0163            14.32E-03   
               26.302             16.0186E-03 
               28.6606            17.8432E-03 
               31.0944            19.7958E-03 
               33.6058            21.891E-03  
               36.1973            24.1348E-03 
               38.8714            26.5428E-03 
               41.6308            29.1247E-03 
               44.4781            31.8977E-03 
               47.4162            34.8756E-03 
               50.448             38.0782E-03 
               53.5765            41.5231E-03 
               56.8047            45.2334E-03 
               60.1358            49.2311E-03 
               63.5731            53.5429E-03 
               67.12              58.1956E-03 
               70.78              63.2202E-03 
               74.5566            68.6484E-03 
               78.4537            74.5159E-03 
               82.475             80.86E-03   
               86.6245            87.7216E-03 
               90.9063            95.1435E-03 
               95.3246           103.172E-03  
               99.8838           111.857E-03  
              106.209            124.591E-03  
              112.535            138.128E-03  
              118.861            152.478E-03  
              125.186            167.648E-03  
              131.512            183.643E-03  
              137.837            200.465E-03  
              144.163            218.116E-03  
              150.488            236.597E-03  
              156.814            255.908E-03  
              163.139            276.049E-03  
              169.465            297.018E-03  
              175.79             318.815E-03  
              182.116            341.438E-03  
              188.441            364.885E-03  
              194.767            389.155E-03  
              201.092            414.247E-03  
              207.418            440.159E-03  
              213.743            466.89E-03   
              220.069            494.439E-03  
              226.394            522.804E-03  
              232.72             551.984E-03  
              239.045            581.979E-03  
              245.371            612.787E-03  
              251.696            644.41E-03   
              258.022            676.845E-03  
              264.347            710.092E-03  
              270.672            744.153E-03  
              276.998            779.026E-03  
              283.323            814.712E-03  
              289.649            851.212E-03  
              295.974            888.524E-03  
              302.3              926.649E-03  
              308.625            965.588E-03  
              314.95               1.00534    
              321.276              1.04591    
              327.601              1.08729    
              333.927              1.12948    
              340.252              1.1725     
              346.577              1.21632    
              352.903              1.26096    
              359.228              1.30642    
              365.554              1.35269    
              371.879              1.39978    
              378.204              1.44768    
              384.53               1.4964     
              390.855              1.54593    
              397.18               1.59629    
              403.506              1.64746    
              409.831              1.69944    
              416.156              1.75225    
              422.482              1.80587    
              428.807              1.8603     
              435.132              1.91556    
              441.458              1.97163    
              447.783              2.02852    
              454.108              2.08623    
              460.434              2.14475    
              466.759              2.2041     
              473.084              2.26426    
              479.409              2.32524    
              485.735              2.38704    
              492.06               2.44965    
              498.385              2.51309    
              504.71               2.57734    
              511.036              2.64241    
              517.361              2.7083     
              523.686              2.77501    
              530.011              2.84253    
              536.336              2.91088    
              542.661              2.98004    
              548.987              3.05002    
              555.312              3.12082    
              561.637              3.19244    
              567.962              3.26488    
              574.287              3.33813    
              580.612              3.41221    
              586.938              3.4871     
              593.263              3.56281    
              599.588              3.63934    
              605.913              3.71669    
              612.238              3.79486    
              618.563              3.87385    
              624.888              3.95365    
              631.213              4.03428    
              637.538              4.11572    
              643.863              4.19798    
              650.188              4.28106    
              656.513              4.36496    
              662.838              4.44968    
              669.163              4.53521    
              675.488              4.62157    
              681.813              4.70874    
              688.138              4.79673    
              694.463              4.88554    
              700.788              4.97518    
              707.113              5.06562    
              713.438              5.15689    
              719.763              5.24898    
              726.088              5.34188    
              732.412              5.43561    
              738.737              5.53015    
              745.062              5.62551    
              751.387              5.72169    
              757.712              5.81869    
              764.037              5.9165     
              770.361              6.01514    
              776.686              6.11459    
              783.011              6.21487    
              789.336              6.31596    
              795.66               6.41787    
              801.985              6.5206     
              808.31               6.62414    
              814.635              6.72851    
              820.959              6.83369    
              827.284              6.9397     
              833.609              7.04652    
              839.933              7.15416    
              846.258              7.26262    
              852.582              7.3719     
              858.907              7.48199    
              865.232              7.59291    
              871.556              7.70464    
              877.881              7.81719    
              884.205              7.93056    
              890.53               8.04475    
              896.854              8.15976    
              903.179              8.27559    
              909.503              8.39223    
              915.828              8.50969    
              922.152              8.62797    
              928.477              8.74708    
              934.801              8.86699    
              941.126              8.98773    
              947.45               9.10929    
              953.774              9.23166    
              960.099              9.35486    
              966.423              9.47887    
              972.747              9.6037     
              979.072              9.72935    
              985.396              9.85581    
              991.72               9.9831     
              998.044             10.1112     
                1.00437E+03       10.2401     
                1.01069E+03       10.3699     
                1.01702E+03       10.5004     
                1.02334E+03       10.6318     
                1.02967E+03       10.764      
                1.03599E+03       10.897      
                1.04231E+03       11.0309     
                1.04864E+03       11.1655     
                1.05496E+03       11.301      
                1.06129E+03       11.4373     
                1.06761E+03       11.5744     
                1.07393E+03       11.7123     
                1.08026E+03       11.851      
                1.08658E+03       11.9906     
                1.09291E+03       12.131      
                1.09923E+03       12.2722     
                1.10555E+03       12.4142     
                1.11188E+03       12.5571     
                1.1182E+03        12.7007     
                1.12453E+03       12.8452     
                1.13085E+03       12.9905     
                1.13717E+03       13.1366     
                1.1435E+03        13.2835     
                1.14982E+03       13.4313     
                1.15615E+03       13.5798     
                1.16247E+03       13.7292     
                1.16879E+03       13.8794     
                1.17512E+03       14.0304     
                1.18144E+03       14.1823     
                1.18776E+03       14.3349     
                1.19409E+03       14.4884     
                1.20041E+03       14.6427     
                1.20674E+03       14.7978     
                1.21306E+03       14.9538     
                1.21938E+03       15.1105     
                1.22571E+03       15.2681     
                1.23203E+03       15.4265     
                1.23835E+03       15.5857     
                1.24468E+03       15.7457     
                1.251E+03         15.9066     
                1.25732E+03       16.0682     
                1.26365E+03       16.2307     
                1.26997E+03       16.394      
                1.27629E+03       16.5581     
                1.28262E+03       16.7231     
                1.28894E+03       16.8888     
                1.29526E+03       17.0554     
                1.30159E+03       17.2228     
                1.30791E+03       17.391      
                1.31423E+03       17.56       
                1.32056E+03       17.7299     
                1.32688E+03       17.9005     
                1.3332E+03        18.072      
                1.33953E+03       18.2443     
                1.34585E+03       18.4174     
                1.35217E+03       18.5914     
                1.3585E+03        18.7661     
                1.36482E+03       18.9417     
                1.37114E+03       19.1181     
                1.37747E+03       19.2953     
                1.38379E+03       19.4733     
                1.39011E+03       19.6522     
                1.39644E+03       19.8319     
                1.40276E+03       20.0124     
                1.40908E+03       20.1937     
                1.4154E+03        20.3758     
                1.42173E+03       20.5587     
                1.42805E+03       20.7425     
                1.43437E+03       20.9271     
                1.4407E+03        21.1125     
                1.44702E+03       21.2987     
                1.45334E+03       21.4857     
                1.45966E+03       21.6736     
                1.46599E+03       21.8622     
                1.47231E+03       22.0517     
                1.47863E+03       22.242      
                1.48495E+03       22.4332     
                1.49128E+03       22.6251     
                1.4976E+03        22.8179     
                1.50392E+03       23.0115     
                1.51025E+03       23.2059     
                1.51657E+03       23.4011     
                1.52289E+03       23.5971     
                1.52921E+03       23.794      
                1.53554E+03       23.9916     
                1.54186E+03       24.1901     
                1.54818E+03       24.3894     
                1.5545E+03        24.5896     
                1.56082E+03       24.7905     
                1.56715E+03       24.9923     
                1.57347E+03       25.1949     
                1.57979E+03       25.3983     
                1.58611E+03       25.6025     
                1.59244E+03       25.8075     
                1.59876E+03       26.0134     
                1.60508E+03       26.2201     
                1.6114E+03        26.4276     
                1.61773E+03       26.6359     
                1.62405E+03       26.845      
                1.63037E+03       27.055      
                1.63669E+03       27.2657     
                1.64301E+03       27.4773     
                1.64934E+03       27.6897     
                1.65566E+03       27.9029     
                1.66198E+03       28.117      
                1.6683E+03        28.3318     
                1.67462E+03       28.5475     
                1.68094E+03       28.764      
                1.68727E+03       28.9813     
                1.69359E+03       29.1995     
                1.69991E+03       29.4184     
                1.70623E+03       29.6382     
                1.71255E+03       29.8588     
                1.71888E+03       30.0802     
                1.7252E+03        30.3024     
                1.73152E+03       30.5254     
                1.73784E+03       30.7493     
                1.74416E+03       30.974      
                1.75048E+03       31.1994     
                1.7568E+03        31.4258     
                1.76313E+03       31.6529     
                1.76945E+03       31.8808     
                1.77577E+03       32.1096     
                1.78209E+03       32.3392     
                1.78841E+03       32.5696     
                1.79473E+03       32.8008     
                1.80105E+03       33.0328     
                1.80738E+03       33.2657     
                1.8137E+03        33.4993     
                1.82002E+03       33.7338     
                1.82634E+03       33.9691     
                1.83266E+03       34.2052     
                1.83898E+03       34.4422     
                1.8453E+03        34.6799     
                1.85162E+03       34.9185     
                1.85794E+03       35.1579     
                1.86427E+03       35.3981     
                1.87059E+03       35.6391     
                1.87691E+03       35.881      
                1.88323E+03       36.1236     
                1.88955E+03       36.3671     
                1.89587E+03       36.6114     
                1.90219E+03       36.8565     
                1.90851E+03       37.1024     
                1.91483E+03       37.3492     
                1.92115E+03       37.5968     
                1.92747E+03       37.8452     
                1.93379E+03       38.0943     
                1.94012E+03       38.3443     
                1.94644E+03       38.5951     
                1.95276E+03       38.8465     
                1.95908E+03       39.0987     
                1.9654E+03        39.3516     
                1.97172E+03       39.605      
                1.97804E+03       39.8591     
                1.98436E+03       40.1136     
                1.99068E+03       40.3685     
                1.997E+03         40.6239     




